{"total": {"lines":{"total":14,"covered":13,"skipped":0,"pct":92.86},"statements":{"total":16,"covered":15,"skipped":0,"pct":93.75},"functions":{"total":6,"covered":5,"skipped":0,"pct":83.33},"branches":{"total":0,"covered":0,"skipped":0,"pct":100}}
,"/home/sergiy/Desktop/PuzzleMatch/js/javascript/GameLogic.js": {"lines":{"total":14,"covered":13,"skipped":0,"pct":92.86},"functions":{"total":6,"covered":5,"skipped":0,"pct":83.33},"statements":{"total":16,"covered":15,"skipped":0,"pct":93.75},"branches":{"total":0,"covered":0,"skipped":0,"pct":100}}
}
