TN:
SF:js/javascript/GameLogic.js
FN:3,(anonymous_0)
FN:13,(anonymous_1)
FN:28,(anonymous_2)
FN:39,(anonymous_3)
FN:46,(anonymous_4)
FN:53,(anonymous_5)
FN:60,(anonymous_6)
FN:71,(anonymous_7)
FN:82,(anonymous_8)
FN:89,(anonymous_9)
FNF:10
FNH:10
FNDA:6,(anonymous_0)
FNDA:6,(anonymous_1)
FNDA:1,(anonymous_2)
FNDA:88,(anonymous_3)
FNDA:52,(anonymous_4)
FNDA:1,(anonymous_5)
FNDA:37,(anonymous_6)
FNDA:5,(anonymous_7)
FNDA:14,(anonymous_8)
FNDA:84,(anonymous_9)
DA:4,6
DA:5,6
DA:6,6
DA:14,6
DA:15,6
DA:16,17
DA:17,17
DA:18,66
DA:21,6
DA:29,1
DA:30,3
DA:31,12
DA:40,88
DA:47,52
DA:54,1
DA:61,37
DA:62,36
DA:64,1
DA:72,5
DA:73,1
DA:74,1
DA:76,4
DA:83,14
DA:90,84
DA:94,1
LF:25
LH:25
BRDA:61,0,0,36
BRDA:61,0,1,1
BRDA:61,1,0,37
BRDA:61,1,1,36
BRDA:72,2,0,1
BRDA:72,2,1,4
BRDA:72,3,0,5
BRDA:72,3,1,3
BRDA:90,4,0,84
BRDA:90,4,1,81
BRF:10
BRH:10
end_of_record
