TN:
SF:js/javascript/GameLogic.js
FN:4,(anonymous_0)
FN:15,(anonymous_1)
FN:30,(anonymous_2)
FN:41,(anonymous_3)
FN:51,(anonymous_4)
FN:58,(anonymous_5)
FN:65,(anonymous_6)
FN:72,(anonymous_7)
FN:82,(anonymous_8)
FN:89,(anonymous_9)
FN:97,(anonymous_10)
FN:108,(anonymous_11)
FN:116,(anonymous_12)
FNF:13
FNH:13
FNDA:4,(anonymous_0)
FNDA:4,(anonymous_1)
FNDA:1,(anonymous_2)
FNDA:1,(anonymous_3)
FNDA:43,(anonymous_4)
FNDA:31,(anonymous_5)
FNDA:1,(anonymous_6)
FNDA:17,(anonymous_7)
FNDA:4,(anonymous_8)
FNDA:4,(anonymous_9)
FNDA:7,(anonymous_10)
FNDA:6,(anonymous_11)
FNDA:48,(anonymous_12)
DA:1,1
DA:5,4
DA:6,4
DA:7,4
DA:8,4
DA:9,4
DA:16,4
DA:17,4
DA:18,10
DA:19,10
DA:20,32
DA:23,4
DA:31,1
DA:32,2
DA:33,4
DA:42,1
DA:43,1
DA:44,1
DA:45,1
DA:52,43
DA:59,31
DA:66,1
DA:73,17
DA:74,16
DA:76,1
DA:83,4
DA:90,4
DA:98,7
DA:99,3
DA:100,3
DA:102,4
DA:109,6
DA:117,48
DA:121,1
LF:34
LH:34
BRDA:73,0,0,16
BRDA:73,0,1,1
BRDA:73,1,0,17
BRDA:73,1,1,16
BRDA:98,2,0,3
BRDA:98,2,1,4
BRDA:98,3,0,7
BRDA:98,3,1,5
BRDA:117,4,0,48
BRDA:117,4,1,45
BRF:10
BRH:10
end_of_record
TN:
SF:js/javascript/Gem.js
FN:3,(anonymous_0)
FN:9,(anonymous_1)
FN:13,(anonymous_2)
FN:17,(anonymous_3)
FN:21,(anonymous_4)
FN:25,(anonymous_5)
FN:29,(anonymous_6)
FNF:7
FNH:7
FNDA:45,(anonymous_0)
FNDA:12,(anonymous_1)
FNDA:12,(anonymous_2)
FNDA:10,(anonymous_3)
FNDA:1,(anonymous_4)
FNDA:1,(anonymous_5)
FNDA:1,(anonymous_6)
DA:4,45
DA:5,45
DA:6,45
DA:10,12
DA:14,12
DA:18,10
DA:22,1
DA:26,1
DA:30,1
DA:34,1
LF:10
LH:10
BRF:0
BRH:0
end_of_record
